<?xml version="1.0" encoding="UTF-8"?>
<testng-results ignored="0" total="1" passed="1" failed="0" skipped="0">
  <reporter-output>
  </reporter-output>
  <suite started-at="2019-08-22T16:30:50Z" name="Suite" finished-at="2019-08-22T16:31:08Z" duration-ms="18087">
    <groups>
    </groups>
    <test started-at="2019-08-22T16:30:50Z" name="Test" finished-at="2019-08-22T16:31:08Z" duration-ms="18087">
      <class name="com.udemy.DevOpsProject.TestClass1">
        <test-method is-config="true" signature="launchDriver()[pri:0, instance:com.udemy.DevOpsProject.TestClass1@33b37288]" started-at="2019-08-22T16:30:50Z" name="launchDriver" finished-at="2019-08-22T16:31:00Z" duration-ms="9970" status="PASS">
          <reporter-output>
          </reporter-output>
        </test-method> <!-- launchDriver -->
        <test-method signature="Test_01()[pri:0, instance:com.udemy.DevOpsProject.TestClass1@33b37288]" started-at="2019-08-22T16:31:00Z" name="Test_01" finished-at="2019-08-22T16:31:07Z" duration-ms="7428" status="PASS">
          <reporter-output>
          </reporter-output>
        </test-method> <!-- Test_01 -->
        <test-method is-config="true" signature="quit()[pri:0, instance:com.udemy.DevOpsProject.TestClass1@33b37288]" started-at="2019-08-22T16:31:07Z" name="quit" finished-at="2019-08-22T16:31:08Z" duration-ms="668" status="PASS">
          <reporter-output>
          </reporter-output>
        </test-method> <!-- quit -->
      </class> <!-- com.udemy.DevOpsProject.TestClass1 -->
    </test> <!-- Test -->
  </suite> <!-- Suite -->
</testng-results>
